2020-01-14 17:00:11,142 - SimpleLog4JLogSystem initialized using logfile 'velocity.log'
2020-01-14 17:00:11,142 - ************************************************************** 
2020-01-14 17:00:11,142 - Starting Jakarta Velocity v1.4
2020-01-14 17:00:11,142 - RuntimeInstance initializing.
2020-01-14 17:00:11,142 - Default Properties File: org/apache/velocity/runtime/defaults/velocity.properties
2020-01-14 17:00:11,142 - Trying to use logger class org.apache.velocity.runtime.log.SimpleLog4JLogSystem
2020-01-14 17:00:11,142 - Using logger class org.apache.velocity.runtime.log.SimpleLog4JLogSystem
2020-01-14 17:00:11,144 - Default ResourceManager initializing. (class org.apache.velocity.runtime.resource.ResourceManagerImpl)
2020-01-14 17:00:11,145 - Resource Loader Instantiated: org.apache.velocity.runtime.resource.loader.ClasspathResourceLoader
2020-01-14 17:00:11,145 - ClasspathResourceLoader : initialization starting.
2020-01-14 17:00:11,145 - ClasspathResourceLoader : initialization complete.
2020-01-14 17:00:11,145 - ResourceCache : initialized. (class org.apache.velocity.runtime.resource.ResourceCacheImpl)
2020-01-14 17:00:11,145 - Default ResourceManager initialization complete.
2020-01-14 17:00:11,146 - Loaded System Directive: org.apache.velocity.runtime.directive.Literal
2020-01-14 17:00:11,147 - Loaded System Directive: org.apache.velocity.runtime.directive.Macro
2020-01-14 17:00:11,148 - Loaded System Directive: org.apache.velocity.runtime.directive.Parse
2020-01-14 17:00:11,148 - Loaded System Directive: org.apache.velocity.runtime.directive.Include
2020-01-14 17:00:11,149 - Loaded System Directive: org.apache.velocity.runtime.directive.Foreach
2020-01-14 17:00:11,165 - Created: 20 parsers.
2020-01-14 17:00:11,167 - Velocimacro : initialization starting.
2020-01-14 17:00:11,168 - Velocimacro : adding VMs from VM library template : VM_global_library.vm
2020-01-14 17:00:11,169 - ResourceManager : unable to find resource 'VM_global_library.vm' in any resource loader.
2020-01-14 17:00:11,169 - Velocimacro : error using  VM library template VM_global_library.vm : org.apache.velocity.exception.ResourceNotFoundException: Unable to find resource 'VM_global_library.vm'
2020-01-14 17:00:11,169 - Velocimacro :  VM library template macro registration complete.
2020-01-14 17:00:11,169 - Velocimacro : allowInline = true : VMs can be defined inline in templates
2020-01-14 17:00:11,169 - Velocimacro : allowInlineToOverride = false : VMs defined inline may NOT replace previous VM definitions
2020-01-14 17:00:11,169 - Velocimacro : allowInlineLocal = false : VMs defined inline will be  global in scope if allowed.
2020-01-14 17:00:11,169 - Velocimacro : messages on  : VM system will output logging messages
2020-01-14 17:00:11,170 - Velocimacro : autoload off  : VM system will not automatically reload global library macros
2020-01-14 17:00:11,170 - Velocimacro : initialization complete.
2020-01-14 17:00:11,170 - Velocity successfully started.
2020-01-14 17:01:27,756 - ResourceManager : found repast/simphony/scenario/Scenario.vt with loader org.apache.velocity.runtime.resource.loader.ClasspathResourceLoader
2020-01-14 17:02:46,611 - SimpleLog4JLogSystem initialized using logfile 'velocity.log'
2020-01-14 17:02:46,612 - ************************************************************** 
2020-01-14 17:02:46,612 - Starting Jakarta Velocity v1.4
2020-01-14 17:02:46,612 - RuntimeInstance initializing.
2020-01-14 17:02:46,612 - Default Properties File: org/apache/velocity/runtime/defaults/velocity.properties
2020-01-14 17:02:46,612 - Trying to use logger class org.apache.velocity.runtime.log.SimpleLog4JLogSystem
2020-01-14 17:02:46,612 - Using logger class org.apache.velocity.runtime.log.SimpleLog4JLogSystem
2020-01-14 17:02:46,613 - Default ResourceManager initializing. (class org.apache.velocity.runtime.resource.ResourceManagerImpl)
2020-01-14 17:02:46,615 - Resource Loader Instantiated: org.apache.velocity.runtime.resource.loader.ClasspathResourceLoader
2020-01-14 17:02:46,615 - ClasspathResourceLoader : initialization starting.
2020-01-14 17:02:46,615 - ClasspathResourceLoader : initialization complete.
2020-01-14 17:02:46,615 - ResourceCache : initialized. (class org.apache.velocity.runtime.resource.ResourceCacheImpl)
2020-01-14 17:02:46,615 - Default ResourceManager initialization complete.
2020-01-14 17:02:46,616 - Loaded System Directive: org.apache.velocity.runtime.directive.Literal
2020-01-14 17:02:46,617 - Loaded System Directive: org.apache.velocity.runtime.directive.Macro
2020-01-14 17:02:46,618 - Loaded System Directive: org.apache.velocity.runtime.directive.Parse
2020-01-14 17:02:46,619 - Loaded System Directive: org.apache.velocity.runtime.directive.Include
2020-01-14 17:02:46,619 - Loaded System Directive: org.apache.velocity.runtime.directive.Foreach
2020-01-14 17:02:46,634 - Created: 20 parsers.
2020-01-14 17:02:46,637 - Velocimacro : initialization starting.
2020-01-14 17:02:46,637 - Velocimacro : adding VMs from VM library template : VM_global_library.vm
2020-01-14 17:02:46,638 - ResourceManager : unable to find resource 'VM_global_library.vm' in any resource loader.
2020-01-14 17:02:46,638 - Velocimacro : error using  VM library template VM_global_library.vm : org.apache.velocity.exception.ResourceNotFoundException: Unable to find resource 'VM_global_library.vm'
2020-01-14 17:02:46,639 - Velocimacro :  VM library template macro registration complete.
2020-01-14 17:02:46,639 - Velocimacro : allowInline = true : VMs can be defined inline in templates
2020-01-14 17:02:46,639 - Velocimacro : allowInlineToOverride = false : VMs defined inline may NOT replace previous VM definitions
2020-01-14 17:02:46,639 - Velocimacro : allowInlineLocal = false : VMs defined inline will be  global in scope if allowed.
2020-01-14 17:02:46,639 - Velocimacro : messages on  : VM system will output logging messages
2020-01-14 17:02:46,639 - Velocimacro : autoload off  : VM system will not automatically reload global library macros
2020-01-14 17:02:46,639 - Velocimacro : initialization complete.
2020-01-14 17:02:46,639 - Velocity successfully started.
2020-01-14 17:07:27,458 - SimpleLog4JLogSystem initialized using logfile 'velocity.log'
2020-01-14 17:07:27,459 - ************************************************************** 
2020-01-14 17:07:27,459 - Starting Jakarta Velocity v1.4
2020-01-14 17:07:27,459 - RuntimeInstance initializing.
2020-01-14 17:07:27,459 - Default Properties File: org/apache/velocity/runtime/defaults/velocity.properties
2020-01-14 17:07:27,459 - Trying to use logger class org.apache.velocity.runtime.log.SimpleLog4JLogSystem
2020-01-14 17:07:27,459 - Using logger class org.apache.velocity.runtime.log.SimpleLog4JLogSystem
2020-01-14 17:07:27,462 - Default ResourceManager initializing. (class org.apache.velocity.runtime.resource.ResourceManagerImpl)
2020-01-14 17:07:27,463 - Resource Loader Instantiated: org.apache.velocity.runtime.resource.loader.ClasspathResourceLoader
2020-01-14 17:07:27,463 - ClasspathResourceLoader : initialization starting.
2020-01-14 17:07:27,463 - ClasspathResourceLoader : initialization complete.
2020-01-14 17:07:27,464 - ResourceCache : initialized. (class org.apache.velocity.runtime.resource.ResourceCacheImpl)
2020-01-14 17:07:27,464 - Default ResourceManager initialization complete.
2020-01-14 17:07:27,465 - Loaded System Directive: org.apache.velocity.runtime.directive.Literal
2020-01-14 17:07:27,466 - Loaded System Directive: org.apache.velocity.runtime.directive.Macro
2020-01-14 17:07:27,469 - Loaded System Directive: org.apache.velocity.runtime.directive.Parse
2020-01-14 17:07:27,470 - Loaded System Directive: org.apache.velocity.runtime.directive.Include
2020-01-14 17:07:27,471 - Loaded System Directive: org.apache.velocity.runtime.directive.Foreach
2020-01-14 17:07:27,493 - Created: 20 parsers.
2020-01-14 17:07:27,496 - Velocimacro : initialization starting.
2020-01-14 17:07:27,496 - Velocimacro : adding VMs from VM library template : VM_global_library.vm
2020-01-14 17:07:27,499 - ResourceManager : unable to find resource 'VM_global_library.vm' in any resource loader.
2020-01-14 17:07:27,499 - Velocimacro : error using  VM library template VM_global_library.vm : org.apache.velocity.exception.ResourceNotFoundException: Unable to find resource 'VM_global_library.vm'
2020-01-14 17:07:27,499 - Velocimacro :  VM library template macro registration complete.
2020-01-14 17:07:27,499 - Velocimacro : allowInline = true : VMs can be defined inline in templates
2020-01-14 17:07:27,499 - Velocimacro : allowInlineToOverride = false : VMs defined inline may NOT replace previous VM definitions
2020-01-14 17:07:27,499 - Velocimacro : allowInlineLocal = false : VMs defined inline will be  global in scope if allowed.
2020-01-14 17:07:27,499 - Velocimacro : messages on  : VM system will output logging messages
2020-01-14 17:07:27,499 - Velocimacro : autoload off  : VM system will not automatically reload global library macros
2020-01-14 17:07:27,499 - Velocimacro : initialization complete.
2020-01-14 17:07:27,500 - Velocity successfully started.
2020-01-14 17:14:09,675 - ResourceManager : found repast/simphony/scenario/Scenario.vt with loader org.apache.velocity.runtime.resource.loader.ClasspathResourceLoader
2020-01-14 17:14:12,283 - ResourceManager : found repast/simphony/scenario/Scenario.vt with loader org.apache.velocity.runtime.resource.loader.ClasspathResourceLoader
2020-01-14 17:14:12,430 - ResourceManager : found repast/simphony/scenario/Scenario.vt with loader org.apache.velocity.runtime.resource.loader.ClasspathResourceLoader
2020-01-14 17:14:12,568 - ResourceManager : found repast/simphony/scenario/Scenario.vt with loader org.apache.velocity.runtime.resource.loader.ClasspathResourceLoader
2020-01-14 17:14:18,745 - SimpleLog4JLogSystem initialized using logfile 'velocity.log'
2020-01-14 17:14:18,745 - ************************************************************** 
2020-01-14 17:14:18,745 - Starting Jakarta Velocity v1.4
2020-01-14 17:14:18,745 - RuntimeInstance initializing.
2020-01-14 17:14:18,745 - Default Properties File: org/apache/velocity/runtime/defaults/velocity.properties
2020-01-14 17:14:18,745 - Trying to use logger class org.apache.velocity.runtime.log.SimpleLog4JLogSystem
2020-01-14 17:14:18,745 - Using logger class org.apache.velocity.runtime.log.SimpleLog4JLogSystem
2020-01-14 17:14:18,747 - Default ResourceManager initializing. (class org.apache.velocity.runtime.resource.ResourceManagerImpl)
2020-01-14 17:14:18,748 - Resource Loader Instantiated: org.apache.velocity.runtime.resource.loader.ClasspathResourceLoader
2020-01-14 17:14:18,748 - ClasspathResourceLoader : initialization starting.
2020-01-14 17:14:18,748 - ClasspathResourceLoader : initialization complete.
2020-01-14 17:14:18,748 - ResourceCache : initialized. (class org.apache.velocity.runtime.resource.ResourceCacheImpl)
2020-01-14 17:14:18,748 - Default ResourceManager initialization complete.
2020-01-14 17:14:18,749 - Loaded System Directive: org.apache.velocity.runtime.directive.Literal
2020-01-14 17:14:18,750 - Loaded System Directive: org.apache.velocity.runtime.directive.Macro
2020-01-14 17:14:18,750 - Loaded System Directive: org.apache.velocity.runtime.directive.Parse
2020-01-14 17:14:18,751 - Loaded System Directive: org.apache.velocity.runtime.directive.Include
2020-01-14 17:14:18,752 - Loaded System Directive: org.apache.velocity.runtime.directive.Foreach
2020-01-14 17:14:18,769 - Created: 20 parsers.
2020-01-14 17:14:18,772 - Velocimacro : initialization starting.
2020-01-14 17:14:18,772 - Velocimacro : adding VMs from VM library template : VM_global_library.vm
2020-01-14 17:14:18,773 - ResourceManager : unable to find resource 'VM_global_library.vm' in any resource loader.
2020-01-14 17:14:18,773 - Velocimacro : error using  VM library template VM_global_library.vm : org.apache.velocity.exception.ResourceNotFoundException: Unable to find resource 'VM_global_library.vm'
2020-01-14 17:14:18,774 - Velocimacro :  VM library template macro registration complete.
2020-01-14 17:14:18,774 - Velocimacro : allowInline = true : VMs can be defined inline in templates
2020-01-14 17:14:18,774 - Velocimacro : allowInlineToOverride = false : VMs defined inline may NOT replace previous VM definitions
2020-01-14 17:14:18,774 - Velocimacro : allowInlineLocal = false : VMs defined inline will be  global in scope if allowed.
2020-01-14 17:14:18,774 - Velocimacro : messages on  : VM system will output logging messages
2020-01-14 17:14:18,774 - Velocimacro : autoload off  : VM system will not automatically reload global library macros
2020-01-14 17:14:18,774 - Velocimacro : initialization complete.
2020-01-14 17:14:18,774 - Velocity successfully started.
2020-01-14 17:15:04,806 - SimpleLog4JLogSystem initialized using logfile 'velocity.log'
2020-01-14 17:15:04,806 - ************************************************************** 
2020-01-14 17:15:04,806 - Starting Jakarta Velocity v1.4
2020-01-14 17:15:04,806 - RuntimeInstance initializing.
2020-01-14 17:15:04,807 - Default Properties File: org/apache/velocity/runtime/defaults/velocity.properties
2020-01-14 17:15:04,807 - Trying to use logger class org.apache.velocity.runtime.log.SimpleLog4JLogSystem
2020-01-14 17:15:04,807 - Using logger class org.apache.velocity.runtime.log.SimpleLog4JLogSystem
2020-01-14 17:15:04,809 - Default ResourceManager initializing. (class org.apache.velocity.runtime.resource.ResourceManagerImpl)
2020-01-14 17:15:04,812 - Resource Loader Instantiated: org.apache.velocity.runtime.resource.loader.ClasspathResourceLoader
2020-01-14 17:15:04,812 - ClasspathResourceLoader : initialization starting.
2020-01-14 17:15:04,812 - ClasspathResourceLoader : initialization complete.
2020-01-14 17:15:04,813 - ResourceCache : initialized. (class org.apache.velocity.runtime.resource.ResourceCacheImpl)
2020-01-14 17:15:04,813 - Default ResourceManager initialization complete.
2020-01-14 17:15:04,813 - Loaded System Directive: org.apache.velocity.runtime.directive.Literal
2020-01-14 17:15:04,814 - Loaded System Directive: org.apache.velocity.runtime.directive.Macro
2020-01-14 17:15:04,815 - Loaded System Directive: org.apache.velocity.runtime.directive.Parse
2020-01-14 17:15:04,816 - Loaded System Directive: org.apache.velocity.runtime.directive.Include
2020-01-14 17:15:04,816 - Loaded System Directive: org.apache.velocity.runtime.directive.Foreach
2020-01-14 17:15:04,832 - Created: 20 parsers.
2020-01-14 17:15:04,835 - Velocimacro : initialization starting.
2020-01-14 17:15:04,835 - Velocimacro : adding VMs from VM library template : VM_global_library.vm
2020-01-14 17:15:04,837 - ResourceManager : unable to find resource 'VM_global_library.vm' in any resource loader.
2020-01-14 17:15:04,837 - Velocimacro : error using  VM library template VM_global_library.vm : org.apache.velocity.exception.ResourceNotFoundException: Unable to find resource 'VM_global_library.vm'
2020-01-14 17:15:04,837 - Velocimacro :  VM library template macro registration complete.
2020-01-14 17:15:04,837 - Velocimacro : allowInline = true : VMs can be defined inline in templates
2020-01-14 17:15:04,837 - Velocimacro : allowInlineToOverride = false : VMs defined inline may NOT replace previous VM definitions
2020-01-14 17:15:04,837 - Velocimacro : allowInlineLocal = false : VMs defined inline will be  global in scope if allowed.
2020-01-14 17:15:04,837 - Velocimacro : messages on  : VM system will output logging messages
2020-01-14 17:15:04,837 - Velocimacro : autoload off  : VM system will not automatically reload global library macros
2020-01-14 17:15:04,837 - Velocimacro : initialization complete.
2020-01-14 17:15:04,837 - Velocity successfully started.
